Using pre-set license
Built from '2022.3/staging' branch; Version is '2022.3.13f1 (5f90a5ebde0f) revision 6262949'; Using compiler version '192829333'; Build Type 'Release'
OS: 'Windows 11  (10.0.22621) 64bit Core' Language: 'en' Physical Memory: 8099 MB
BatchMode: 1, IsHumanControllingUs: 0, StartBugReporterOnCrash: 0, Is64bit: 1, IsPro: 1

COMMAND LINE ARGUMENTS:
C:\Program Files\Unity\Hub\Editor\2022.3.13f1\Editor\Unity.exe
-adb2
-batchMode
-noUpm
-name
AssetImportWorker3
-projectPath
C:/Users/Althea Jane/Documents/GitHub/WildcatAlpha
-logFile
Logs/AssetImportWorker3.log
-srvPort
55702
Successfully changed project path to: C:/Users/Althea Jane/Documents/GitHub/WildcatAlpha
C:/Users/Althea Jane/Documents/GitHub/WildcatAlpha
[UnityMemory] Configuration Parameters - Can be set up in boot.config
    "memorysetup-bucket-allocator-granularity=16"
    "memorysetup-bucket-allocator-bucket-count=8"
    "memorysetup-bucket-allocator-block-size=33554432"
    "memorysetup-bucket-allocator-block-count=8"
    "memorysetup-main-allocator-block-size=16777216"
    "memorysetup-thread-allocator-block-size=16777216"
    "memorysetup-gfx-main-allocator-block-size=16777216"
    "memorysetup-gfx-thread-allocator-block-size=16777216"
    "memorysetup-cache-allocator-block-size=4194304"
    "memorysetup-typetree-allocator-block-size=2097152"
    "memorysetup-profiler-bucket-allocator-granularity=16"
    "memorysetup-profiler-bucket-allocator-bucket-count=8"
    "memorysetup-profiler-bucket-allocator-block-size=33554432"
    "memorysetup-profiler-bucket-allocator-block-count=8"
    "memorysetup-profiler-allocator-block-size=16777216"
    "memorysetup-profiler-editor-allocator-block-size=1048576"
    "memorysetup-temp-allocator-size-main=16777216"
    "memorysetup-job-temp-allocator-block-size=2097152"
    "memorysetup-job-temp-allocator-block-size-background=1048576"
    "memorysetup-job-temp-allocator-reduction-small-platforms=262144"
    "memorysetup-allocator-temp-initial-block-size-main=262144"
    "memorysetup-allocator-temp-initial-block-size-worker=262144"
    "memorysetup-temp-allocator-size-background-worker=32768"
    "memorysetup-temp-allocator-size-job-worker=262144"
    "memorysetup-temp-allocator-size-preload-manager=33554432"
    "memorysetup-temp-allocator-size-nav-mesh-worker=65536"
    "memorysetup-temp-allocator-size-audio-worker=65536"
    "memorysetup-temp-allocator-size-cloud-worker=32768"
    "memorysetup-temp-allocator-size-gi-baking-worker=262144"
    "memorysetup-temp-allocator-size-gfx=262144"
Player connection [18868] Host "[IP] 192.168.5.7 [Port] 0 [Flags] 2 [Guid] 2025780710 [EditorId] 2025780710 [Version] 1048832 [Id] WindowsEditor(7,DESKTOP-15O8REK) [Debug] 1 [PackageName] WindowsEditor [ProjectName] Editor" joined multi-casting on [225.0.0.222:54997]...

Player connection [18868] Host "[IP] 192.168.5.7 [Port] 0 [Flags] 2 [Guid] 2025780710 [EditorId] 2025780710 [Version] 1048832 [Id] WindowsEditor(7,DESKTOP-15O8REK) [Debug] 1 [PackageName] WindowsEditor [ProjectName] Editor" joined alternative multi-casting on [225.0.0.222:34997]...

[Physics::Module] Initialized MultithreadedJobDispatcher with 11 workers.
Refreshing native plugins compatible for Editor in 13.05 ms, found 3 plugins.
Preloading 0 native plugins for Editor in 0.00 ms.
Initialize engine version: 2022.3.13f1 (5f90a5ebde0f)
[Subsystems] Discovering subsystems at path C:/Program Files/Unity/Hub/Editor/2022.3.13f1/Editor/Data/Resources/UnitySubsystems
[Subsystems] Discovering subsystems at path C:/Users/Althea Jane/Documents/GitHub/WildcatAlpha/Assets
GfxDevice: creating device client; threaded=0; jobified=0
Direct3D:
    Version:  Direct3D 11.0 [level 11.1]
    Renderer: NVIDIA GeForce GTX 1650 (ID=0x1f82)
    Vendor:   NVIDIA
    VRAM:     3962 MB
    Driver:   31.0.15.1694
Initialize mono
Mono path[0] = 'C:/Program Files/Unity/Hub/Editor/2022.3.13f1/Editor/Data/Managed'
Mono path[1] = 'C:/Program Files/Unity/Hub/Editor/2022.3.13f1/Editor/Data/MonoBleedingEdge/lib/mono/unityjit-win32'
Mono config path = 'C:/Program Files/Unity/Hub/Editor/2022.3.13f1/Editor/Data/MonoBleedingEdge/etc'
Using monoOptions --debugger-agent=transport=dt_socket,embedding=1,server=y,suspend=n,address=127.0.0.1:56332
Begin MonoManager ReloadAssembly
Registering precompiled unity dll's ...
Register platform support module: C:/Program Files/Unity/Hub/Editor/2022.3.13f1/Editor/Data/PlaybackEngines/WebGLSupport/UnityEditor.WebGL.Extensions.dll
Register platform support module: C:/Program Files/Unity/Hub/Editor/2022.3.13f1/Editor/Data/PlaybackEngines/WindowsStandaloneSupport/UnityEditor.WindowsStandalone.Extensions.dll
Registered in 0.008169 seconds.
- Loaded All Assemblies, in  0.336 seconds
Native extension for WindowsStandalone target not found
Native extension for WebGL target not found
Mono: successfully reloaded assembly
- Finished resetting the current domain, in  0.243 seconds
Domain Reload Profiling: 577ms
	BeginReloadAssembly (102ms)
		ExecutionOrderSort (0ms)
		DisableScriptedObjects (0ms)
		BackupInstance (0ms)
		ReleaseScriptingObjects (0ms)
		CreateAndSetChildDomain (1ms)
	RebuildCommonClasses (33ms)
	RebuildNativeTypeToScriptingClass (11ms)
	initialDomainReloadingComplete (55ms)
	LoadAllAssembliesAndSetupDomain (133ms)
		LoadAssemblies (100ms)
		RebuildTransferFunctionScriptingTraits (0ms)
		AnalyzeDomain (131ms)
			TypeCache.Refresh (130ms)
				TypeCache.ScanAssembly (117ms)
			ScanForSourceGeneratedMonoScriptInfo (0ms)
			ResolveRequiredComponents (0ms)
	FinalizeReload (243ms)
		ReleaseScriptCaches (0ms)
		RebuildScriptCaches (0ms)
		SetupLoadedEditorAssemblies (188ms)
			LogAssemblyErrors (0ms)
			InitializePlatformSupportModulesInManaged (11ms)
			SetLoadedEditorAssemblies (5ms)
			RefreshPlugins (0ms)
			BeforeProcessingInitializeOnLoad (2ms)
			ProcessInitializeOnLoadAttributes (127ms)
			ProcessInitializeOnLoadMethodAttributes (43ms)
			AfterProcessingInitializeOnLoad (0ms)
			EditorAssembliesLoaded (0ms)
		ExecutionOrderSort2 (0ms)
		AwakeInstancesAfterBackupRestoration (0ms)
========================================================================
Worker process is ready to serve import requests
Begin MonoManager ReloadAssembly
- Loaded All Assemblies, in  0.574 seconds
Refreshing native plugins compatible for Editor in 3.10 ms, found 3 plugins.
Native extension for WindowsStandalone target not found
Native extension for WebGL target not found
Package Manager log level set to [2]
[Package Manager] Server::EnsureServerProcessIsRunning -- launch failed, reason: Unity was launched with the -noUpm command-line argument
[Package Manager] UpmClient::Send -- Unable to send message (not connected to UPM process).
[Package Manager] Cannot connect to Unity Package Manager local server
Mono: successfully reloaded assembly
- Finished resetting the current domain, in  0.497 seconds
Domain Reload Profiling: 1069ms
	BeginReloadAssembly (139ms)
		ExecutionOrderSort (0ms)
		DisableScriptedObjects (5ms)
		BackupInstance (0ms)
		ReleaseScriptingObjects (0ms)
		CreateAndSetChildDomain (19ms)
	RebuildCommonClasses (34ms)
	RebuildNativeTypeToScriptingClass (11ms)
	initialDomainReloadingComplete (39ms)
	LoadAllAssembliesAndSetupDomain (350ms)
		LoadAssemblies (270ms)
		RebuildTransferFunctionScriptingTraits (0ms)
		AnalyzeDomain (160ms)
			TypeCache.Refresh (142ms)
				TypeCache.ScanAssembly (129ms)
			ScanForSourceGeneratedMonoScriptInfo (13ms)
			ResolveRequiredComponents (5ms)
	FinalizeReload (497ms)
		ReleaseScriptCaches (0ms)
		RebuildScriptCaches (0ms)
		SetupLoadedEditorAssemblies (368ms)
			LogAssemblyErrors (0ms)
			InitializePlatformSupportModulesInManaged (7ms)
			SetLoadedEditorAssemblies (3ms)
			RefreshPlugins (0ms)
			BeforeProcessingInitializeOnLoad (53ms)
			ProcessInitializeOnLoadAttributes (278ms)
			ProcessInitializeOnLoadMethodAttributes (20ms)
			AfterProcessingInitializeOnLoad (7ms)
			EditorAssembliesLoaded (0ms)
		ExecutionOrderSort2 (0ms)
		AwakeInstancesAfterBackupRestoration (6ms)
Launched and connected shader compiler UnityShaderCompiler.exe after 0.05 seconds
Refreshing native plugins compatible for Editor in 4.17 ms, found 3 plugins.
Preloading 0 native plugins for Editor in 0.00 ms.
Unloading 3143 Unused Serialized files (Serialized files now loaded: 0)
Unloading 31 unused Assets / (29.6 KB). Loaded Objects now: 3624.
Memory consumption went from 138.4 MB to 138.4 MB.
Total: 4.223500 ms (FindLiveObjects: 0.506900 ms CreateObjectMapping: 0.158900 ms MarkObjects: 3.472900 ms  DeleteObjects: 0.083500 ms)

AssetImportParameters requested are different than current active one (requested -> active):
  custom:scripting/monoscript/fileName/Spawner.cs: 9efe634af024a91c48e4938ac319cf23 -> 7de732fab2c49f3068a483eb669d8d17
  custom:scripting/monoscript/fileName/SkewTextExample.cs: 1ba96c108614df1c49454566f5c78eb6 -> c142d02d70a129e0533975f7c2f96956
  custom:container-demuxer-ogg: 62fdf1f143b41e24485cea50d1cbac27 -> 
  custom:scripting/monoscript/fileName/TMP_TextEventHandler.cs: def834da59c71bc3b36ca33327e70fc4 -> f5cd9d5a43bfefc8f4fec80e6de896a4
  custom:scripting/monoscript/fileName/TextMeshProFloatingText.cs: ff33846e3d68ae2735781072bc9d2eee -> 92608fa4a6315cd0786d82205e77b697
  custom:scripting/monoscript/fileName/VertexZoom.cs: 1099333afd4b77498f02541a0dea1c61 -> 650ab1e81d40126e3edcf737cce646e4
  custom:video-codec-MediaFoundation-h265: 746d11721c4dcdbdad8f713fa42b33f4 -> 
  custom:scripting/monoscript/fileName/VertexShakeA.cs: 7c138c6227077681d6a4323f370eb5cf -> 63ec564c588058369499638dd899e05b
  custom:scripting/monoscript/fileName/TMP_ExampleScript_01.cs: 517fd4914e1880c6029295ce32a88284 -> a9d4be556104ff54e7d240529b3e01dc
  custom:video-decoder-ogg-theora: a1e56fd34408186e4bbccfd4996cb3dc -> 
  custom:scripting/monoscript/fileName/TMP_TextEventCheck.cs: bd3d198b205a7b1c53c574ee6e59cf82 -> 13505d917eab5868c435e0c2986dadfa
  custom:scripting/monoscript/fileName/TMP_TextSelector_B.cs: 87dd80f3dda96cf1bfd512d2f49ea06d -> ba2be21a7486d37b1011342977a2e49d
  custom:scripting/monoscript/fileName/Benchmark01.cs: b30c9d7f790cac94ff712b9fe8615a54 -> 2d3e2cd961730ab95f139a49a673bace
  custom:framework-win-MediaFoundation: 216162199b28c13a410421893ffa2e32 -> 
  custom:scripting/monoscript/fileName/PlayerControls.cs: b139acd0c04292027f76c24bcc41d683 -> de8d6134cb76f2c170fa7aec9cd8fd51
  custom:scripting/monoscript/fileName/Benchmark02.cs: 48ffa613089e8b13e31d4e224b1f7e89 -> 5640963252ce70910e726415f869ced6
  custom:scripting/monoscript/fileName/DropdownSample.cs: 3aadf426171926844b40b1453052f9a8 -> 0a92251794e5f10400149f96c3c59e5d
  custom:scripting/monoscript/fileName/WarpTextExample.cs: 63c459a070b77133384b6367d31d9e44 -> 2663459c266363641981c7d17b698d7f
  custom:scripting/monoscript/fileName/BinControls.cs: fe8587eb43b4838981ae6843e9b5807f -> 15deb1506911c93403224fe4c5be105e
  custom:CustomObjectIndexerAttribute: 756ad292c208cfabdd7b50bc23989ffe -> 
  custom:scripting/monoscript/fileName/RepeatBackground.cs: 2c54969ae834f4df576d97c837fd939e -> b37cf8ea828f21bc444a00e810788bd8
  custom:container-demuxer-webm: 4f35f7cbe854078d1ac9338744f61a02 -> 
  custom:scripting/monoscript/fileName/ChatController.cs: d8fdd56accaa631346ba19bb22012614 -> 876d5ccae6e345dd5d9450eb0a748f16
  custom:scripting/monoscript/fileName/TextMeshSpawner.cs: cb8d71233dbb520d8e940b8a79f769a5 -> 76f28e2ddb031571e6ec62b018f65fa8
  custom:scripting/monoscript/fileName/TeleType.cs: fefb82a5baa4fbc04da38b0caa2ad830 -> 31fa97821c4c70f157ec81d507aa6b62
  custom:scripting/monoscript/fileName/Benchmark04.cs: 9774c172b7d7724692b1bde0c8fd3d85 -> 32220b148620e52aa81c13a114862bf4
  custom:scripting/monoscript/fileName/GameManagerX.cs: 713d5eb2b1b7f794988919b2fd108502 -> c0a78d2269ede7f3848ccbefe195f242
  custom:container-muxer-webm: aa71ff27fc2769a1b78a27578f13a17b -> 
  custom:video-decoder-webm-vp8: 9c59270c3fd7afecdb556c50c9e8de78 -> 
  custom:scripting/monoscript/fileName/TMP_PhoneNumberValidator.cs: f5402a12cb097197539484d67fa9fcbf -> 7c3049f481e464c6a9a15dee56c3126f
  custom:SearchIndexIgnoredProperties: e643bd26f0fe6173181afceb89e7c659 -> 
  custom:AudioImporter_EditorPlatform: d09bf68614088b80899f8185d706f6e7 -> 
  custom:scripting/monoscript/fileName/EnvMapAnimator.cs: 768e80a1b959562216f2cec3506e25f4 -> 1b4f61c17e4b7283c3ac351aacff9d26
  custom:scripting/monoscript/fileName/ShaderPropAnimator.cs: 54afc76fdd211f4e62bc7077b80cbfd4 -> 55ce425812446482e623ff2695c94cb2
  custom:scripting/monoscript/fileName/MovingLeft.cs: 9b7a6f7417063dae2d6b4c16e14f10f9 -> fe58f70c0887ebe8cdd0d27fb4d3b1f8
  custom:scripting/monoscript/fileName/SimpleScript.cs: 00c762c57b86d4c745d78d3929e9fb08 -> 454caab0c6c050f29b39d82e1d66d0fa
  custom:scripting/monoscript/fileName/ObjectSpin.cs: ae674661bbed7adf653c10b36a279a18 -> 2b96bb2079dd7fa5108d981627a28e1e
  custom:scripting/monoscript/fileName/MovingObstacles.cs: 854be57a593bde74a27cc6a4e94cf976 -> b21687ddb03d73bd9f0c1daecb9714de
  custom:scripting/monoscript/fileName/CameraController.cs: 9715c92278843efe6d08bb66ef3c83c6 -> 34b6be4e23ce86dc89786916c5983296
  custom:scripting/monoscript/fileName/TMP_TextInfoDebugTool.cs: 36c44c31e5e7e4f92aeab5f8dc72b57b -> 3f1709cfb2cc628169113a35b5e9be3f
  custom:scripting/monoscript/fileName/QuirkySeriesDemo.cs: 45f9bc3e15a8e0b0a90a8c7b57e8bf80 -> f8068bd0b8200068f027dfb1007a3918
  custom:scripting/monoscript/fileName/TMP_TextSelector_A.cs: 53226814a2dfc1d2c3646e066b2bf95c -> 347309a09d56e367b188a6978f75b424
  custom:scripting/monoscript/fileName/RotateOnScroll.cs: 11197e5c086c04a37a2f6fed558cf793 -> 3ef7cf6f829c033adfcf5e1b21c9a004
  custom:video-encoder-webm-vp8: eb34c28f22e8b96e1ab97ce403110664 -> 
  custom:audio-decoder-ogg-vorbis: bf7c407c2cedff20999df2af8eb42d56 -> 
  custom:scripting/monoscript/fileName/VertexJitter.cs: 89f250efef00bd3ea15be209aafa1b8f -> d27eb5498e48714a66aece98da065133
  custom:scripting/monoscript/fileName/TextConsoleSimulator.cs: 39cc89dce868fcae675af8aec7d82364 -> 33fc311abb20b5b0ed8f00e4d86b574e
  custom:scripting/monoscript/fileName/VertexColorCycler.cs: 92683e0ba0dd09ca33da048a0aada873 -> 5f984ca91cf3609293aecc6bc5641572
  custom:scripting/monoscript/fileName/TMP_FrameRateCounter.cs: f300970d9d234b3584940e69909fc9c1 -> 46f655df8cb483ac5958307137b1585a
  custom:scripting/monoscript/fileName/VertexShakeB.cs: 1691591f25e64318876fecc6fdaa150d -> a6f78c4fcda1a29a1a1c1baefedba9e7
  custom:scripting/monoscript/fileName/TMP_UiFrameRateCounter.cs: a6f26ef4131b1b3b3fbd9eee5b9feba1 -> b01021aea19247f14a98ab338907956a
  custom:scripting/monoscript/fileName/BinsSpawner.cs: 053a8424b0a094cb14375f26330a2bc5 -> 34153a2f6780576b0069979c4d766093
  custom:scripting/monoscript/fileName/TMPro_InstructionOverlay.cs: 0563b7bd3dbbe315ce02e8961838345c -> b626d2270e6ebd5c4311585c18b58d8d
  custom:scripting/monoscript/fileName/GitHubLink.cs: 61931f2ce3b570552131e99427875ecb -> cac242193db3100d787d81a371842f24
  custom:scripting/monoscript/fileName/TMP_DigitValidator.cs: b84f20208724f747de93dd8d227d8e6f -> ac02af96215ae3951a3cce9e1a8c6085
  custom:audio-encoder-webm-vorbis: bf7c407c2cedff20999df2af8eb42d56 -> 
  custom:scripting/monoscript/fileName/Benchmark01_UGUI.cs: aa13aec835ece2bb423ce574403aa315 -> 6148cfe2627b7708298f301788144139
  custom:scripting/monoscript/fileName/SceneChanger.cs: 8565a86d9a2427c4c9b44bc4b8c766fc -> 4bb94d70706032f4bd969ba3ab0024bf
  custom:scripting/monoscript/fileName/Benchmark03.cs: 57ebde09ea1ea3d108488baff2fe009d -> 17cc87e0529ac71d909a946afb47a274
========================================================================
Received Prepare
Begin MonoManager ReloadAssembly
- Loaded All Assemblies, in  0.487 seconds
Refreshing native plugins compatible for Editor in 4.61 ms, found 3 plugins.
Native extension for WindowsStandalone target not found
Native extension for WebGL target not found
[Package Manager] Server::EnsureServerProcessIsRunning -- launch failed, reason: Unity was launched with the -noUpm command-line argument
[Package Manager] UpmClient::Send -- Unable to send message (not connected to UPM process).
[Package Manager] Cannot connect to Unity Package Manager local server
Mono: successfully reloaded assembly
- Finished resetting the current domain, in  1.223 seconds
Domain Reload Profiling: 1707ms
	BeginReloadAssembly (160ms)
		ExecutionOrderSort (0ms)
		DisableScriptedObjects (5ms)
		BackupInstance (0ms)
		ReleaseScriptingObjects (0ms)
		CreateAndSetChildDomain (35ms)
	RebuildCommonClasses (38ms)
	RebuildNativeTypeToScriptingClass (14ms)
	initialDomainReloadingComplete (32ms)
	LoadAllAssembliesAndSetupDomain (240ms)
		LoadAssemblies (311ms)
		RebuildTransferFunctionScriptingTraits (0ms)
		AnalyzeDomain (14ms)
			TypeCache.Refresh (8ms)
				TypeCache.ScanAssembly (0ms)
			ScanForSourceGeneratedMonoScriptInfo (0ms)
			ResolveRequiredComponents (5ms)
	FinalizeReload (1223ms)
		ReleaseScriptCaches (0ms)
		RebuildScriptCaches (0ms)
		SetupLoadedEditorAssemblies (411ms)
			LogAssemblyErrors (0ms)
			InitializePlatformSupportModulesInManaged (9ms)
			SetLoadedEditorAssemblies (3ms)
			RefreshPlugins (0ms)
			BeforeProcessingInitializeOnLoad (67ms)
			ProcessInitializeOnLoadAttributes (298ms)
			ProcessInitializeOnLoadMethodAttributes (24ms)
			AfterProcessingInitializeOnLoad (10ms)
			EditorAssembliesLoaded (0ms)
		ExecutionOrderSort2 (0ms)
		AwakeInstancesAfterBackupRestoration (8ms)
Refreshing native plugins compatible for Editor in 4.53 ms, found 3 plugins.
Preloading 0 native plugins for Editor in 0.00 ms.
Unloading 3121 Unused Serialized files (Serialized files now loaded: 0)
Unloading 23 unused Assets / (31.1 KB). Loaded Objects now: 3627.
Memory consumption went from 135.8 MB to 135.8 MB.
Total: 5.958900 ms (FindLiveObjects: 0.577900 ms CreateObjectMapping: 0.122900 ms MarkObjects: 5.157100 ms  DeleteObjects: 0.098700 ms)

Prepare: number of updated asset objects reloaded= 0
AssetImportParameters requested are different than current active one (requested -> active):
  custom:scripting/monoscript/fileName/Spawner.cs: 9efe634af024a91c48e4938ac319cf23 -> 7de732fab2c49f3068a483eb669d8d17
  custom:scripting/monoscript/fileName/SkewTextExample.cs: 1ba96c108614df1c49454566f5c78eb6 -> c142d02d70a129e0533975f7c2f96956
  custom:container-demuxer-ogg: 62fdf1f143b41e24485cea50d1cbac27 -> 
  custom:scripting/monoscript/fileName/TMP_TextEventHandler.cs: def834da59c71bc3b36ca33327e70fc4 -> f5cd9d5a43bfefc8f4fec80e6de896a4
  custom:scripting/monoscript/fileName/TextMeshProFloatingText.cs: ff33846e3d68ae2735781072bc9d2eee -> 92608fa4a6315cd0786d82205e77b697
  custom:scripting/monoscript/fileName/VertexZoom.cs: 1099333afd4b77498f02541a0dea1c61 -> 650ab1e81d40126e3edcf737cce646e4
  custom:video-codec-MediaFoundation-h265: 746d11721c4dcdbdad8f713fa42b33f4 -> 
  custom:scripting/monoscript/fileName/VertexShakeA.cs: 7c138c6227077681d6a4323f370eb5cf -> 63ec564c588058369499638dd899e05b
  custom:scripting/monoscript/fileName/TMP_ExampleScript_01.cs: 517fd4914e1880c6029295ce32a88284 -> a9d4be556104ff54e7d240529b3e01dc
  custom:video-decoder-ogg-theora: a1e56fd34408186e4bbccfd4996cb3dc -> 
  custom:scripting/monoscript/fileName/TMP_TextEventCheck.cs: bd3d198b205a7b1c53c574ee6e59cf82 -> 13505d917eab5868c435e0c2986dadfa
  custom:scripting/monoscript/fileName/TMP_TextSelector_B.cs: 87dd80f3dda96cf1bfd512d2f49ea06d -> ba2be21a7486d37b1011342977a2e49d
  custom:scripting/monoscript/fileName/Benchmark01.cs: b30c9d7f790cac94ff712b9fe8615a54 -> 2d3e2cd961730ab95f139a49a673bace
  custom:framework-win-MediaFoundation: 216162199b28c13a410421893ffa2e32 -> 
  custom:scripting/monoscript/fileName/PlayerControls.cs: b139acd0c04292027f76c24bcc41d683 -> de8d6134cb76f2c170fa7aec9cd8fd51
  custom:scripting/monoscript/fileName/Benchmark02.cs: 48ffa613089e8b13e31d4e224b1f7e89 -> 5640963252ce70910e726415f869ced6
  custom:scripting/monoscript/fileName/DropdownSample.cs: 3aadf426171926844b40b1453052f9a8 -> 0a92251794e5f10400149f96c3c59e5d
  custom:scripting/monoscript/fileName/WarpTextExample.cs: 63c459a070b77133384b6367d31d9e44 -> 2663459c266363641981c7d17b698d7f
  custom:scripting/monoscript/fileName/BinControls.cs: fe8587eb43b4838981ae6843e9b5807f -> 15deb1506911c93403224fe4c5be105e
  custom:CustomObjectIndexerAttribute: 756ad292c208cfabdd7b50bc23989ffe -> 
  custom:scripting/monoscript/fileName/RepeatBackground.cs: 2c54969ae834f4df576d97c837fd939e -> b37cf8ea828f21bc444a00e810788bd8
  custom:container-demuxer-webm: 4f35f7cbe854078d1ac9338744f61a02 -> 
  custom:scripting/monoscript/fileName/ChatController.cs: d8fdd56accaa631346ba19bb22012614 -> 876d5ccae6e345dd5d9450eb0a748f16
  custom:scripting/monoscript/fileName/TextMeshSpawner.cs: cb8d71233dbb520d8e940b8a79f769a5 -> 76f28e2ddb031571e6ec62b018f65fa8
  custom:scripting/monoscript/fileName/TeleType.cs: fefb82a5baa4fbc04da38b0caa2ad830 -> 31fa97821c4c70f157ec81d507aa6b62
  custom:scripting/monoscript/fileName/Benchmark04.cs: 9774c172b7d7724692b1bde0c8fd3d85 -> 32220b148620e52aa81c13a114862bf4
  custom:scripting/monoscript/fileName/GameManagerX.cs: 713d5eb2b1b7f794988919b2fd108502 -> c0a78d2269ede7f3848ccbefe195f242
  custom:container-muxer-webm: aa71ff27fc2769a1b78a27578f13a17b -> 
  custom:video-decoder-webm-vp8: 9c59270c3fd7afecdb556c50c9e8de78 -> 
  custom:scripting/monoscript/fileName/TMP_PhoneNumberValidator.cs: f5402a12cb097197539484d67fa9fcbf -> 7c3049f481e464c6a9a15dee56c3126f
  custom:SearchIndexIgnoredProperties: e643bd26f0fe6173181afceb89e7c659 -> 
  custom:AudioImporter_EditorPlatform: d09bf68614088b80899f8185d706f6e7 -> 
  custom:scripting/monoscript/fileName/EnvMapAnimator.cs: 768e80a1b959562216f2cec3506e25f4 -> 1b4f61c17e4b7283c3ac351aacff9d26
  custom:scripting/monoscript/fileName/ShaderPropAnimator.cs: 54afc76fdd211f4e62bc7077b80cbfd4 -> 55ce425812446482e623ff2695c94cb2
  custom:scripting/monoscript/fileName/MovingLeft.cs: 9b7a6f7417063dae2d6b4c16e14f10f9 -> fe58f70c0887ebe8cdd0d27fb4d3b1f8
  custom:scripting/monoscript/fileName/SimpleScript.cs: 00c762c57b86d4c745d78d3929e9fb08 -> 454caab0c6c050f29b39d82e1d66d0fa
  custom:scripting/monoscript/fileName/ObjectSpin.cs: ae674661bbed7adf653c10b36a279a18 -> 2b96bb2079dd7fa5108d981627a28e1e
  custom:scripting/monoscript/fileName/MovingObstacles.cs: 854be57a593bde74a27cc6a4e94cf976 -> b21687ddb03d73bd9f0c1daecb9714de
  custom:scripting/monoscript/fileName/CameraController.cs: 9715c92278843efe6d08bb66ef3c83c6 -> 34b6be4e23ce86dc89786916c5983296
  custom:scripting/monoscript/fileName/TMP_TextInfoDebugTool.cs: 36c44c31e5e7e4f92aeab5f8dc72b57b -> 3f1709cfb2cc628169113a35b5e9be3f
  custom:scripting/monoscript/fileName/QuirkySeriesDemo.cs: 45f9bc3e15a8e0b0a90a8c7b57e8bf80 -> f8068bd0b8200068f027dfb1007a3918
  custom:scripting/monoscript/fileName/TMP_TextSelector_A.cs: 53226814a2dfc1d2c3646e066b2bf95c -> 347309a09d56e367b188a6978f75b424
  custom:scripting/monoscript/fileName/RotateOnScroll.cs: 11197e5c086c04a37a2f6fed558cf793 -> 3ef7cf6f829c033adfcf5e1b21c9a004
  custom:video-encoder-webm-vp8: eb34c28f22e8b96e1ab97ce403110664 -> 
  custom:audio-decoder-ogg-vorbis: bf7c407c2cedff20999df2af8eb42d56 -> 
  custom:scripting/monoscript/fileName/VertexJitter.cs: 89f250efef00bd3ea15be209aafa1b8f -> d27eb5498e48714a66aece98da065133
  custom:scripting/monoscript/fileName/TextConsoleSimulator.cs: 39cc89dce868fcae675af8aec7d82364 -> 33fc311abb20b5b0ed8f00e4d86b574e
  custom:scripting/monoscript/fileName/VertexColorCycler.cs: 92683e0ba0dd09ca33da048a0aada873 -> 5f984ca91cf3609293aecc6bc5641572
  custom:scripting/monoscript/fileName/TMP_FrameRateCounter.cs: f300970d9d234b3584940e69909fc9c1 -> 46f655df8cb483ac5958307137b1585a
  custom:scripting/monoscript/fileName/VertexShakeB.cs: 1691591f25e64318876fecc6fdaa150d -> a6f78c4fcda1a29a1a1c1baefedba9e7
  custom:scripting/monoscript/fileName/TMP_UiFrameRateCounter.cs: a6f26ef4131b1b3b3fbd9eee5b9feba1 -> b01021aea19247f14a98ab338907956a
  custom:scripting/monoscript/fileName/BinsSpawner.cs: 053a8424b0a094cb14375f26330a2bc5 -> 34153a2f6780576b0069979c4d766093
  custom:scripting/monoscript/fileName/TMPro_InstructionOverlay.cs: 0563b7bd3dbbe315ce02e8961838345c -> b626d2270e6ebd5c4311585c18b58d8d
  custom:scripting/monoscript/fileName/GitHubLink.cs: 61931f2ce3b570552131e99427875ecb -> cac242193db3100d787d81a371842f24
  custom:scripting/monoscript/fileName/TMP_DigitValidator.cs: b84f20208724f747de93dd8d227d8e6f -> ac02af96215ae3951a3cce9e1a8c6085
  custom:audio-encoder-webm-vorbis: bf7c407c2cedff20999df2af8eb42d56 -> 
  custom:scripting/monoscript/fileName/Benchmark01_UGUI.cs: aa13aec835ece2bb423ce574403aa315 -> 6148cfe2627b7708298f301788144139
  custom:scripting/monoscript/fileName/SceneChanger.cs: 8565a86d9a2427c4c9b44bc4b8c766fc -> 4bb94d70706032f4bd969ba3ab0024bf
  custom:scripting/monoscript/fileName/Benchmark03.cs: 57ebde09ea1ea3d108488baff2fe009d -> 17cc87e0529ac71d909a946afb47a274
========================================================================
Received Prepare
Begin MonoManager ReloadAssembly
- Loaded All Assemblies, in  0.427 seconds
Refreshing native plugins compatible for Editor in 3.38 ms, found 3 plugins.
Native extension for WindowsStandalone target not found
Native extension for WebGL target not found
[Package Manager] Server::EnsureServerProcessIsRunning -- launch failed, reason: Unity was launched with the -noUpm command-line argument
[Package Manager] UpmClient::Send -- Unable to send message (not connected to UPM process).
[Package Manager] Cannot connect to Unity Package Manager local server
Mono: successfully reloaded assembly
- Finished resetting the current domain, in  0.867 seconds
Domain Reload Profiling: 1291ms
	BeginReloadAssembly (147ms)
		ExecutionOrderSort (0ms)
		DisableScriptedObjects (5ms)
		BackupInstance (0ms)
		ReleaseScriptingObjects (0ms)
		CreateAndSetChildDomain (33ms)
	RebuildCommonClasses (31ms)
	RebuildNativeTypeToScriptingClass (11ms)
	initialDomainReloadingComplete (29ms)
	LoadAllAssembliesAndSetupDomain (205ms)
		LoadAssemblies (268ms)
		RebuildTransferFunctionScriptingTraits (0ms)
		AnalyzeDomain (16ms)
			TypeCache.Refresh (9ms)
				TypeCache.ScanAssembly (0ms)
			ScanForSourceGeneratedMonoScriptInfo (0ms)
			ResolveRequiredComponents (5ms)
	FinalizeReload (867ms)
		ReleaseScriptCaches (0ms)
		RebuildScriptCaches (0ms)
		SetupLoadedEditorAssemblies (393ms)
			LogAssemblyErrors (0ms)
			InitializePlatformSupportModulesInManaged (7ms)
			SetLoadedEditorAssemblies (3ms)
			RefreshPlugins (0ms)
			BeforeProcessingInitializeOnLoad (63ms)
			ProcessInitializeOnLoadAttributes (288ms)
			ProcessInitializeOnLoadMethodAttributes (23ms)
			AfterProcessingInitializeOnLoad (9ms)
			EditorAssembliesLoaded (0ms)
		ExecutionOrderSort2 (0ms)
		AwakeInstancesAfterBackupRestoration (7ms)
Refreshing native plugins compatible for Editor in 4.71 ms, found 3 plugins.
Preloading 0 native plugins for Editor in 0.00 ms.
Unloading 3121 Unused Serialized files (Serialized files now loaded: 0)
Unloading 23 unused Assets / (31.1 KB). Loaded Objects now: 3630.
Memory consumption went from 137.7 MB to 137.7 MB.
Total: 5.561800 ms (FindLiveObjects: 0.784500 ms CreateObjectMapping: 0.170900 ms MarkObjects: 4.519400 ms  DeleteObjects: 0.085100 ms)

Prepare: number of updated asset objects reloaded= 0
AssetImportParameters requested are different than current active one (requested -> active):
  custom:scripting/monoscript/fileName/Spawner.cs: 9efe634af024a91c48e4938ac319cf23 -> 7de732fab2c49f3068a483eb669d8d17
  custom:scripting/monoscript/fileName/SkewTextExample.cs: 1ba96c108614df1c49454566f5c78eb6 -> c142d02d70a129e0533975f7c2f96956
  custom:container-demuxer-ogg: 62fdf1f143b41e24485cea50d1cbac27 -> 
  custom:scripting/monoscript/fileName/TMP_TextEventHandler.cs: def834da59c71bc3b36ca33327e70fc4 -> f5cd9d5a43bfefc8f4fec80e6de896a4
  custom:scripting/monoscript/fileName/TextMeshProFloatingText.cs: ff33846e3d68ae2735781072bc9d2eee -> 92608fa4a6315cd0786d82205e77b697
  custom:scripting/monoscript/fileName/VertexZoom.cs: 1099333afd4b77498f02541a0dea1c61 -> 650ab1e81d40126e3edcf737cce646e4
  custom:video-codec-MediaFoundation-h265: 746d11721c4dcdbdad8f713fa42b33f4 -> 
  custom:scripting/monoscript/fileName/VertexShakeA.cs: 7c138c6227077681d6a4323f370eb5cf -> 63ec564c588058369499638dd899e05b
  custom:scripting/monoscript/fileName/TMP_ExampleScript_01.cs: 517fd4914e1880c6029295ce32a88284 -> a9d4be556104ff54e7d240529b3e01dc
  custom:video-decoder-ogg-theora: a1e56fd34408186e4bbccfd4996cb3dc -> 
  custom:scripting/monoscript/fileName/TMP_TextEventCheck.cs: bd3d198b205a7b1c53c574ee6e59cf82 -> 13505d917eab5868c435e0c2986dadfa
  custom:scripting/monoscript/fileName/TMP_TextSelector_B.cs: 87dd80f3dda96cf1bfd512d2f49ea06d -> ba2be21a7486d37b1011342977a2e49d
  custom:scripting/monoscript/fileName/Benchmark01.cs: b30c9d7f790cac94ff712b9fe8615a54 -> 2d3e2cd961730ab95f139a49a673bace
  custom:framework-win-MediaFoundation: 216162199b28c13a410421893ffa2e32 -> 
  custom:scripting/monoscript/fileName/PlayerControls.cs: b139acd0c04292027f76c24bcc41d683 -> de8d6134cb76f2c170fa7aec9cd8fd51
  custom:scripting/monoscript/fileName/Benchmark02.cs: 48ffa613089e8b13e31d4e224b1f7e89 -> 5640963252ce70910e726415f869ced6
  custom:scripting/monoscript/fileName/DropdownSample.cs: 3aadf426171926844b40b1453052f9a8 -> 0a92251794e5f10400149f96c3c59e5d
  custom:scripting/monoscript/fileName/WarpTextExample.cs: 63c459a070b77133384b6367d31d9e44 -> 2663459c266363641981c7d17b698d7f
  custom:scripting/monoscript/fileName/BinControls.cs: fe8587eb43b4838981ae6843e9b5807f -> 15deb1506911c93403224fe4c5be105e
  custom:CustomObjectIndexerAttribute: 756ad292c208cfabdd7b50bc23989ffe -> 
  custom:scripting/monoscript/fileName/RepeatBackground.cs: 2c54969ae834f4df576d97c837fd939e -> b37cf8ea828f21bc444a00e810788bd8
  custom:container-demuxer-webm: 4f35f7cbe854078d1ac9338744f61a02 -> 
  custom:scripting/monoscript/fileName/ChatController.cs: d8fdd56accaa631346ba19bb22012614 -> 876d5ccae6e345dd5d9450eb0a748f16
  custom:scripting/monoscript/fileName/TextMeshSpawner.cs: cb8d71233dbb520d8e940b8a79f769a5 -> 76f28e2ddb031571e6ec62b018f65fa8
  custom:scripting/monoscript/fileName/TeleType.cs: fefb82a5baa4fbc04da38b0caa2ad830 -> 31fa97821c4c70f157ec81d507aa6b62
  custom:scripting/monoscript/fileName/Benchmark04.cs: 9774c172b7d7724692b1bde0c8fd3d85 -> 32220b148620e52aa81c13a114862bf4
  custom:scripting/monoscript/fileName/GameManagerX.cs: 713d5eb2b1b7f794988919b2fd108502 -> c0a78d2269ede7f3848ccbefe195f242
  custom:container-muxer-webm: aa71ff27fc2769a1b78a27578f13a17b -> 
  custom:video-decoder-webm-vp8: 9c59270c3fd7afecdb556c50c9e8de78 -> 
  custom:scripting/monoscript/fileName/TMP_PhoneNumberValidator.cs: f5402a12cb097197539484d67fa9fcbf -> 7c3049f481e464c6a9a15dee56c3126f
  custom:SearchIndexIgnoredProperties: e643bd26f0fe6173181afceb89e7c659 -> 
  custom:AudioImporter_EditorPlatform: d09bf68614088b80899f8185d706f6e7 -> 
  custom:scripting/monoscript/fileName/EnvMapAnimator.cs: 768e80a1b959562216f2cec3506e25f4 -> 1b4f61c17e4b7283c3ac351aacff9d26
  custom:scripting/monoscript/fileName/ShaderPropAnimator.cs: 54afc76fdd211f4e62bc7077b80cbfd4 -> 55ce425812446482e623ff2695c94cb2
  custom:scripting/monoscript/fileName/MovingLeft.cs: 9b7a6f7417063dae2d6b4c16e14f10f9 -> fe58f70c0887ebe8cdd0d27fb4d3b1f8
  custom:scripting/monoscript/fileName/SimpleScript.cs: 00c762c57b86d4c745d78d3929e9fb08 -> 454caab0c6c050f29b39d82e1d66d0fa
  custom:scripting/monoscript/fileName/ObjectSpin.cs: ae674661bbed7adf653c10b36a279a18 -> 2b96bb2079dd7fa5108d981627a28e1e
  custom:scripting/monoscript/fileName/MovingObstacles.cs: 854be57a593bde74a27cc6a4e94cf976 -> b21687ddb03d73bd9f0c1daecb9714de
  custom:scripting/monoscript/fileName/CameraController.cs: 9715c92278843efe6d08bb66ef3c83c6 -> 34b6be4e23ce86dc89786916c5983296
  custom:scripting/monoscript/fileName/TMP_TextInfoDebugTool.cs: 36c44c31e5e7e4f92aeab5f8dc72b57b -> 3f1709cfb2cc628169113a35b5e9be3f
  custom:scripting/monoscript/fileName/QuirkySeriesDemo.cs: 45f9bc3e15a8e0b0a90a8c7b57e8bf80 -> f8068bd0b8200068f027dfb1007a3918
  custom:scripting/monoscript/fileName/TMP_TextSelector_A.cs: 53226814a2dfc1d2c3646e066b2bf95c -> 347309a09d56e367b188a6978f75b424
  custom:scripting/monoscript/fileName/RotateOnScroll.cs: 11197e5c086c04a37a2f6fed558cf793 -> 3ef7cf6f829c033adfcf5e1b21c9a004
  custom:video-encoder-webm-vp8: eb34c28f22e8b96e1ab97ce403110664 -> 
  custom:audio-decoder-ogg-vorbis: bf7c407c2cedff20999df2af8eb42d56 -> 
  custom:scripting/monoscript/fileName/VertexJitter.cs: 89f250efef00bd3ea15be209aafa1b8f -> d27eb5498e48714a66aece98da065133
  custom:scripting/monoscript/fileName/TextConsoleSimulator.cs: 39cc89dce868fcae675af8aec7d82364 -> 33fc311abb20b5b0ed8f00e4d86b574e
  custom:scripting/monoscript/fileName/VertexColorCycler.cs: 92683e0ba0dd09ca33da048a0aada873 -> 5f984ca91cf3609293aecc6bc5641572
  custom:scripting/monoscript/fileName/TMP_FrameRateCounter.cs: f300970d9d234b3584940e69909fc9c1 -> 46f655df8cb483ac5958307137b1585a
  custom:scripting/monoscript/fileName/VertexShakeB.cs: 1691591f25e64318876fecc6fdaa150d -> a6f78c4fcda1a29a1a1c1baefedba9e7
  custom:scripting/monoscript/fileName/TMP_UiFrameRateCounter.cs: a6f26ef4131b1b3b3fbd9eee5b9feba1 -> b01021aea19247f14a98ab338907956a
  custom:scripting/monoscript/fileName/BinsSpawner.cs: 053a8424b0a094cb14375f26330a2bc5 -> 34153a2f6780576b0069979c4d766093
  custom:scripting/monoscript/fileName/TMPro_InstructionOverlay.cs: 0563b7bd3dbbe315ce02e8961838345c -> b626d2270e6ebd5c4311585c18b58d8d
  custom:scripting/monoscript/fileName/GitHubLink.cs: 61931f2ce3b570552131e99427875ecb -> cac242193db3100d787d81a371842f24
  custom:scripting/monoscript/fileName/TMP_DigitValidator.cs: b84f20208724f747de93dd8d227d8e6f -> ac02af96215ae3951a3cce9e1a8c6085
  custom:audio-encoder-webm-vorbis: bf7c407c2cedff20999df2af8eb42d56 -> 
  custom:scripting/monoscript/fileName/Benchmark01_UGUI.cs: aa13aec835ece2bb423ce574403aa315 -> 6148cfe2627b7708298f301788144139
  custom:scripting/monoscript/fileName/SceneChanger.cs: 8565a86d9a2427c4c9b44bc4b8c766fc -> 4bb94d70706032f4bd969ba3ab0024bf
  custom:scripting/monoscript/fileName/Benchmark03.cs: 57ebde09ea1ea3d108488baff2fe009d -> 17cc87e0529ac71d909a946afb47a274
========================================================================
Received Prepare
Begin MonoManager ReloadAssembly
- Loaded All Assemblies, in  0.465 seconds
Refreshing native plugins compatible for Editor in 3.63 ms, found 3 plugins.
Native extension for WindowsStandalone target not found
Native extension for WebGL target not found
[Package Manager] Server::EnsureServerProcessIsRunning -- launch failed, reason: Unity was launched with the -noUpm command-line argument
[Package Manager] UpmClient::Send -- Unable to send message (not connected to UPM process).
[Package Manager] Cannot connect to Unity Package Manager local server
Mono: successfully reloaded assembly
- Finished resetting the current domain, in  0.802 seconds
Domain Reload Profiling: 1265ms
	BeginReloadAssembly (166ms)
		ExecutionOrderSort (0ms)
		DisableScriptedObjects (5ms)
		BackupInstance (0ms)
		ReleaseScriptingObjects (0ms)
		CreateAndSetChildDomain (37ms)
	RebuildCommonClasses (31ms)
	RebuildNativeTypeToScriptingClass (11ms)
	initialDomainReloadingComplete (31ms)
	LoadAllAssembliesAndSetupDomain (223ms)
		LoadAssemblies (303ms)
		RebuildTransferFunctionScriptingTraits (0ms)
		AnalyzeDomain (14ms)
			TypeCache.Refresh (6ms)
				TypeCache.ScanAssembly (0ms)
			ScanForSourceGeneratedMonoScriptInfo (0ms)
			ResolveRequiredComponents (6ms)
	FinalizeReload (803ms)
		ReleaseScriptCaches (0ms)
		RebuildScriptCaches (0ms)
		SetupLoadedEditorAssemblies (338ms)
			LogAssemblyErrors (0ms)
			InitializePlatformSupportModulesInManaged (7ms)
			SetLoadedEditorAssemblies (3ms)
			RefreshPlugins (0ms)
			BeforeProcessingInitializeOnLoad (58ms)
			ProcessInitializeOnLoadAttributes (246ms)
			ProcessInitializeOnLoadMethodAttributes (19ms)
			AfterProcessingInitializeOnLoad (7ms)
			EditorAssembliesLoaded (0ms)
		ExecutionOrderSort2 (0ms)
		AwakeInstancesAfterBackupRestoration (5ms)
Refreshing native plugins compatible for Editor in 4.90 ms, found 3 plugins.
Preloading 0 native plugins for Editor in 0.00 ms.
Unloading 3121 Unused Serialized files (Serialized files now loaded: 0)
Unloading 23 unused Assets / (31.1 KB). Loaded Objects now: 3633.
Memory consumption went from 139.7 MB to 139.7 MB.
Total: 4.260900 ms (FindLiveObjects: 0.351900 ms CreateObjectMapping: 0.081700 ms MarkObjects: 3.761600 ms  DeleteObjects: 0.064500 ms)

Prepare: number of updated asset objects reloaded= 0
AssetImportParameters requested are different than current active one (requested -> active):
  custom:scripting/monoscript/fileName/Spawner.cs: 9efe634af024a91c48e4938ac319cf23 -> 7de732fab2c49f3068a483eb669d8d17
  custom:scripting/monoscript/fileName/SkewTextExample.cs: 1ba96c108614df1c49454566f5c78eb6 -> c142d02d70a129e0533975f7c2f96956
  custom:container-demuxer-ogg: 62fdf1f143b41e24485cea50d1cbac27 -> 
  custom:scripting/monoscript/fileName/TMP_TextEventHandler.cs: def834da59c71bc3b36ca33327e70fc4 -> f5cd9d5a43bfefc8f4fec80e6de896a4
  custom:scripting/monoscript/fileName/TextMeshProFloatingText.cs: ff33846e3d68ae2735781072bc9d2eee -> 92608fa4a6315cd0786d82205e77b697
  custom:scripting/monoscript/fileName/VertexZoom.cs: 1099333afd4b77498f02541a0dea1c61 -> 650ab1e81d40126e3edcf737cce646e4
  custom:video-codec-MediaFoundation-h265: 746d11721c4dcdbdad8f713fa42b33f4 -> 
  custom:scripting/monoscript/fileName/VertexShakeA.cs: 7c138c6227077681d6a4323f370eb5cf -> 63ec564c588058369499638dd899e05b
  custom:scripting/monoscript/fileName/TMP_ExampleScript_01.cs: 517fd4914e1880c6029295ce32a88284 -> a9d4be556104ff54e7d240529b3e01dc
  custom:video-decoder-ogg-theora: a1e56fd34408186e4bbccfd4996cb3dc -> 
  custom:scripting/monoscript/fileName/TMP_TextEventCheck.cs: bd3d198b205a7b1c53c574ee6e59cf82 -> 13505d917eab5868c435e0c2986dadfa
  custom:scripting/monoscript/fileName/TMP_TextSelector_B.cs: 87dd80f3dda96cf1bfd512d2f49ea06d -> ba2be21a7486d37b1011342977a2e49d
  custom:scripting/monoscript/fileName/Benchmark01.cs: b30c9d7f790cac94ff712b9fe8615a54 -> 2d3e2cd961730ab95f139a49a673bace
  custom:framework-win-MediaFoundation: 216162199b28c13a410421893ffa2e32 -> 
  custom:scripting/monoscript/fileName/PlayerControls.cs: b139acd0c04292027f76c24bcc41d683 -> de8d6134cb76f2c170fa7aec9cd8fd51
  custom:scripting/monoscript/fileName/Benchmark02.cs: 48ffa613089e8b13e31d4e224b1f7e89 -> 5640963252ce70910e726415f869ced6
  custom:scripting/monoscript/fileName/DropdownSample.cs: 3aadf426171926844b40b1453052f9a8 -> 0a92251794e5f10400149f96c3c59e5d
  custom:scripting/monoscript/fileName/WarpTextExample.cs: 63c459a070b77133384b6367d31d9e44 -> 2663459c266363641981c7d17b698d7f
  custom:scripting/monoscript/fileName/BinControls.cs: fe8587eb43b4838981ae6843e9b5807f -> 15deb1506911c93403224fe4c5be105e
  custom:CustomObjectIndexerAttribute: 756ad292c208cfabdd7b50bc23989ffe -> 
  custom:scripting/monoscript/fileName/RepeatBackground.cs: 2c54969ae834f4df576d97c837fd939e -> b37cf8ea828f21bc444a00e810788bd8
  custom:container-demuxer-webm: 4f35f7cbe854078d1ac9338744f61a02 -> 
  custom:scripting/monoscript/fileName/ChatController.cs: d8fdd56accaa631346ba19bb22012614 -> 876d5ccae6e345dd5d9450eb0a748f16
  custom:scripting/monoscript/fileName/TextMeshSpawner.cs: cb8d71233dbb520d8e940b8a79f769a5 -> 76f28e2ddb031571e6ec62b018f65fa8
  custom:scripting/monoscript/fileName/TeleType.cs: fefb82a5baa4fbc04da38b0caa2ad830 -> 31fa97821c4c70f157ec81d507aa6b62
  custom:scripting/monoscript/fileName/Benchmark04.cs: 9774c172b7d7724692b1bde0c8fd3d85 -> 32220b148620e52aa81c13a114862bf4
  custom:scripting/monoscript/fileName/GameManagerX.cs: 713d5eb2b1b7f794988919b2fd108502 -> c0a78d2269ede7f3848ccbefe195f242
  custom:container-muxer-webm: aa71ff27fc2769a1b78a27578f13a17b -> 
  custom:video-decoder-webm-vp8: 9c59270c3fd7afecdb556c50c9e8de78 -> 
  custom:scripting/monoscript/fileName/TMP_PhoneNumberValidator.cs: f5402a12cb097197539484d67fa9fcbf -> 7c3049f481e464c6a9a15dee56c3126f
  custom:SearchIndexIgnoredProperties: e643bd26f0fe6173181afceb89e7c659 -> 
  custom:AudioImporter_EditorPlatform: d09bf68614088b80899f8185d706f6e7 -> 
  custom:scripting/monoscript/fileName/EnvMapAnimator.cs: 768e80a1b959562216f2cec3506e25f4 -> 1b4f61c17e4b7283c3ac351aacff9d26
  custom:scripting/monoscript/fileName/ShaderPropAnimator.cs: 54afc76fdd211f4e62bc7077b80cbfd4 -> 55ce425812446482e623ff2695c94cb2
  custom:scripting/monoscript/fileName/MovingLeft.cs: 9b7a6f7417063dae2d6b4c16e14f10f9 -> fe58f70c0887ebe8cdd0d27fb4d3b1f8
  custom:scripting/monoscript/fileName/SimpleScript.cs: 00c762c57b86d4c745d78d3929e9fb08 -> 454caab0c6c050f29b39d82e1d66d0fa
  custom:scripting/monoscript/fileName/ObjectSpin.cs: ae674661bbed7adf653c10b36a279a18 -> 2b96bb2079dd7fa5108d981627a28e1e
  custom:scripting/monoscript/fileName/MovingObstacles.cs: 854be57a593bde74a27cc6a4e94cf976 -> b21687ddb03d73bd9f0c1daecb9714de
  custom:scripting/monoscript/fileName/CameraController.cs: 9715c92278843efe6d08bb66ef3c83c6 -> 34b6be4e23ce86dc89786916c5983296
  custom:scripting/monoscript/fileName/TMP_TextInfoDebugTool.cs: 36c44c31e5e7e4f92aeab5f8dc72b57b -> 3f1709cfb2cc628169113a35b5e9be3f
  custom:scripting/monoscript/fileName/QuirkySeriesDemo.cs: 45f9bc3e15a8e0b0a90a8c7b57e8bf80 -> f8068bd0b8200068f027dfb1007a3918
  custom:scripting/monoscript/fileName/TMP_TextSelector_A.cs: 53226814a2dfc1d2c3646e066b2bf95c -> 347309a09d56e367b188a6978f75b424
  custom:scripting/monoscript/fileName/RotateOnScroll.cs: 11197e5c086c04a37a2f6fed558cf793 -> 3ef7cf6f829c033adfcf5e1b21c9a004
  custom:video-encoder-webm-vp8: eb34c28f22e8b96e1ab97ce403110664 -> 
  custom:audio-decoder-ogg-vorbis: bf7c407c2cedff20999df2af8eb42d56 -> 
  custom:scripting/monoscript/fileName/VertexJitter.cs: 89f250efef00bd3ea15be209aafa1b8f -> d27eb5498e48714a66aece98da065133
  custom:scripting/monoscript/fileName/TextConsoleSimulator.cs: 39cc89dce868fcae675af8aec7d82364 -> 33fc311abb20b5b0ed8f00e4d86b574e
  custom:scripting/monoscript/fileName/VertexColorCycler.cs: 92683e0ba0dd09ca33da048a0aada873 -> 5f984ca91cf3609293aecc6bc5641572
  custom:scripting/monoscript/fileName/TMP_FrameRateCounter.cs: f300970d9d234b3584940e69909fc9c1 -> 46f655df8cb483ac5958307137b1585a
  custom:scripting/monoscript/fileName/VertexShakeB.cs: 1691591f25e64318876fecc6fdaa150d -> a6f78c4fcda1a29a1a1c1baefedba9e7
  custom:scripting/monoscript/fileName/TMP_UiFrameRateCounter.cs: a6f26ef4131b1b3b3fbd9eee5b9feba1 -> b01021aea19247f14a98ab338907956a
  custom:scripting/monoscript/fileName/BinsSpawner.cs: 053a8424b0a094cb14375f26330a2bc5 -> 34153a2f6780576b0069979c4d766093
  custom:scripting/monoscript/fileName/TMPro_InstructionOverlay.cs: 0563b7bd3dbbe315ce02e8961838345c -> b626d2270e6ebd5c4311585c18b58d8d
  custom:scripting/monoscript/fileName/GitHubLink.cs: 61931f2ce3b570552131e99427875ecb -> cac242193db3100d787d81a371842f24
  custom:scripting/monoscript/fileName/TMP_DigitValidator.cs: b84f20208724f747de93dd8d227d8e6f -> ac02af96215ae3951a3cce9e1a8c6085
  custom:audio-encoder-webm-vorbis: bf7c407c2cedff20999df2af8eb42d56 -> 
  custom:scripting/monoscript/fileName/Benchmark01_UGUI.cs: aa13aec835ece2bb423ce574403aa315 -> 6148cfe2627b7708298f301788144139
  custom:scripting/monoscript/fileName/SceneChanger.cs: 8565a86d9a2427c4c9b44bc4b8c766fc -> 4bb94d70706032f4bd969ba3ab0024bf
  custom:scripting/monoscript/fileName/Benchmark03.cs: 57ebde09ea1ea3d108488baff2fe009d -> 17cc87e0529ac71d909a946afb47a274
========================================================================
Received Prepare
Begin MonoManager ReloadAssembly
- Loaded All Assemblies, in  0.458 seconds
Refreshing native plugins compatible for Editor in 4.05 ms, found 3 plugins.
Native extension for WindowsStandalone target not found
Native extension for WebGL target not found
[Package Manager] Server::EnsureServerProcessIsRunning -- launch failed, reason: Unity was launched with the -noUpm command-line argument
[Package Manager] UpmClient::Send -- Unable to send message (not connected to UPM process).
[Package Manager] Cannot connect to Unity Package Manager local server
Mono: successfully reloaded assembly
- Finished resetting the current domain, in  0.893 seconds
Domain Reload Profiling: 1347ms
	BeginReloadAssembly (157ms)
		ExecutionOrderSort (0ms)
		DisableScriptedObjects (5ms)
		BackupInstance (0ms)
		ReleaseScriptingObjects (0ms)
		CreateAndSetChildDomain (33ms)
	RebuildCommonClasses (36ms)
	RebuildNativeTypeToScriptingClass (11ms)
	initialDomainReloadingComplete (28ms)
	LoadAllAssembliesAndSetupDomain (223ms)
		LoadAssemblies (291ms)
		RebuildTransferFunctionScriptingTraits (0ms)
		AnalyzeDomain (15ms)
			TypeCache.Refresh (8ms)
				TypeCache.ScanAssembly (0ms)
			ScanForSourceGeneratedMonoScriptInfo (0ms)
			ResolveRequiredComponents (6ms)
	FinalizeReload (893ms)
		ReleaseScriptCaches (0ms)
		RebuildScriptCaches (0ms)
		SetupLoadedEditorAssemblies (400ms)
			LogAssemblyErrors (0ms)
			InitializePlatformSupportModulesInManaged (9ms)
			SetLoadedEditorAssemblies (3ms)
			RefreshPlugins (0ms)
			BeforeProcessingInitializeOnLoad (65ms)
			ProcessInitializeOnLoadAttributes (287ms)
			ProcessInitializeOnLoadMethodAttributes (28ms)
			AfterProcessingInitializeOnLoad (8ms)
			EditorAssembliesLoaded (0ms)
		ExecutionOrderSort2 (0ms)
		AwakeInstancesAfterBackupRestoration (7ms)
Refreshing native plugins compatible for Editor in 4.45 ms, found 3 plugins.
Preloading 0 native plugins for Editor in 0.00 ms.
Unloading 3121 Unused Serialized files (Serialized files now loaded: 0)
Unloading 23 unused Assets / (31.0 KB). Loaded Objects now: 3636.
Memory consumption went from 141.6 MB to 141.6 MB.
Total: 4.932900 ms (FindLiveObjects: 0.576300 ms CreateObjectMapping: 0.100100 ms MarkObjects: 4.167600 ms  DeleteObjects: 0.087100 ms)

Prepare: number of updated asset objects reloaded= 0
AssetImportParameters requested are different than current active one (requested -> active):
  custom:scripting/monoscript/fileName/Spawner.cs: 9efe634af024a91c48e4938ac319cf23 -> 7de732fab2c49f3068a483eb669d8d17
  custom:scripting/monoscript/fileName/SkewTextExample.cs: 1ba96c108614df1c49454566f5c78eb6 -> c142d02d70a129e0533975f7c2f96956
  custom:container-demuxer-ogg: 62fdf1f143b41e24485cea50d1cbac27 -> 
  custom:scripting/monoscript/fileName/TMP_TextEventHandler.cs: def834da59c71bc3b36ca33327e70fc4 -> f5cd9d5a43bfefc8f4fec80e6de896a4
  custom:scripting/monoscript/fileName/TextMeshProFloatingText.cs: ff33846e3d68ae2735781072bc9d2eee -> 92608fa4a6315cd0786d82205e77b697
  custom:scripting/monoscript/fileName/VertexZoom.cs: 1099333afd4b77498f02541a0dea1c61 -> 650ab1e81d40126e3edcf737cce646e4
  custom:video-codec-MediaFoundation-h265: 746d11721c4dcdbdad8f713fa42b33f4 -> 
  custom:scripting/monoscript/fileName/VertexShakeA.cs: 7c138c6227077681d6a4323f370eb5cf -> 63ec564c588058369499638dd899e05b
  custom:scripting/monoscript/fileName/TMP_ExampleScript_01.cs: 517fd4914e1880c6029295ce32a88284 -> a9d4be556104ff54e7d240529b3e01dc
  custom:video-decoder-ogg-theora: a1e56fd34408186e4bbccfd4996cb3dc -> 
  custom:scripting/monoscript/fileName/TMP_TextEventCheck.cs: bd3d198b205a7b1c53c574ee6e59cf82 -> 13505d917eab5868c435e0c2986dadfa
  custom:scripting/monoscript/fileName/TMP_TextSelector_B.cs: 87dd80f3dda96cf1bfd512d2f49ea06d -> ba2be21a7486d37b1011342977a2e49d
  custom:scripting/monoscript/fileName/Benchmark01.cs: b30c9d7f790cac94ff712b9fe8615a54 -> 2d3e2cd961730ab95f139a49a673bace
  custom:framework-win-MediaFoundation: 216162199b28c13a410421893ffa2e32 -> 
  custom:scripting/monoscript/fileName/PlayerControls.cs: b139acd0c04292027f76c24bcc41d683 -> de8d6134cb76f2c170fa7aec9cd8fd51
  custom:scripting/monoscript/fileName/Benchmark02.cs: 48ffa613089e8b13e31d4e224b1f7e89 -> 5640963252ce70910e726415f869ced6
  custom:scripting/monoscript/fileName/DropdownSample.cs: 3aadf426171926844b40b1453052f9a8 -> 0a92251794e5f10400149f96c3c59e5d
  custom:scripting/monoscript/fileName/WarpTextExample.cs: 63c459a070b77133384b6367d31d9e44 -> 2663459c266363641981c7d17b698d7f
  custom:scripting/monoscript/fileName/BinControls.cs: fe8587eb43b4838981ae6843e9b5807f -> 15deb1506911c93403224fe4c5be105e
  custom:CustomObjectIndexerAttribute: 756ad292c208cfabdd7b50bc23989ffe -> 
  custom:scripting/monoscript/fileName/RepeatBackground.cs: 2c54969ae834f4df576d97c837fd939e -> b37cf8ea828f21bc444a00e810788bd8
  custom:container-demuxer-webm: 4f35f7cbe854078d1ac9338744f61a02 -> 
  custom:scripting/monoscript/fileName/ChatController.cs: d8fdd56accaa631346ba19bb22012614 -> 876d5ccae6e345dd5d9450eb0a748f16
  custom:scripting/monoscript/fileName/TextMeshSpawner.cs: cb8d71233dbb520d8e940b8a79f769a5 -> 76f28e2ddb031571e6ec62b018f65fa8
  custom:scripting/monoscript/fileName/TeleType.cs: fefb82a5baa4fbc04da38b0caa2ad830 -> 31fa97821c4c70f157ec81d507aa6b62
  custom:scripting/monoscript/fileName/Benchmark04.cs: 9774c172b7d7724692b1bde0c8fd3d85 -> 32220b148620e52aa81c13a114862bf4
  custom:scripting/monoscript/fileName/GameManagerX.cs: 713d5eb2b1b7f794988919b2fd108502 -> c0a78d2269ede7f3848ccbefe195f242
  custom:container-muxer-webm: aa71ff27fc2769a1b78a27578f13a17b -> 
  custom:video-decoder-webm-vp8: 9c59270c3fd7afecdb556c50c9e8de78 -> 
  custom:scripting/monoscript/fileName/TMP_PhoneNumberValidator.cs: f5402a12cb097197539484d67fa9fcbf -> 7c3049f481e464c6a9a15dee56c3126f
  custom:SearchIndexIgnoredProperties: e643bd26f0fe6173181afceb89e7c659 -> 
  custom:AudioImporter_EditorPlatform: d09bf68614088b80899f8185d706f6e7 -> 
  custom:scripting/monoscript/fileName/EnvMapAnimator.cs: 768e80a1b959562216f2cec3506e25f4 -> 1b4f61c17e4b7283c3ac351aacff9d26
  custom:scripting/monoscript/fileName/ShaderPropAnimator.cs: 54afc76fdd211f4e62bc7077b80cbfd4 -> 55ce425812446482e623ff2695c94cb2
  custom:scripting/monoscript/fileName/MovingLeft.cs: 9b7a6f7417063dae2d6b4c16e14f10f9 -> fe58f70c0887ebe8cdd0d27fb4d3b1f8
  custom:scripting/monoscript/fileName/SimpleScript.cs: 00c762c57b86d4c745d78d3929e9fb08 -> 454caab0c6c050f29b39d82e1d66d0fa
  custom:scripting/monoscript/fileName/ObjectSpin.cs: ae674661bbed7adf653c10b36a279a18 -> 2b96bb2079dd7fa5108d981627a28e1e
  custom:scripting/monoscript/fileName/MovingObstacles.cs: 854be57a593bde74a27cc6a4e94cf976 -> b21687ddb03d73bd9f0c1daecb9714de
  custom:scripting/monoscript/fileName/CameraController.cs: 9715c92278843efe6d08bb66ef3c83c6 -> 34b6be4e23ce86dc89786916c5983296
  custom:scripting/monoscript/fileName/TMP_TextInfoDebugTool.cs: 36c44c31e5e7e4f92aeab5f8dc72b57b -> 3f1709cfb2cc628169113a35b5e9be3f
  custom:scripting/monoscript/fileName/QuirkySeriesDemo.cs: 45f9bc3e15a8e0b0a90a8c7b57e8bf80 -> f8068bd0b8200068f027dfb1007a3918
  custom:scripting/monoscript/fileName/TMP_TextSelector_A.cs: 53226814a2dfc1d2c3646e066b2bf95c -> 347309a09d56e367b188a6978f75b424
  custom:scripting/monoscript/fileName/RotateOnScroll.cs: 11197e5c086c04a37a2f6fed558cf793 -> 3ef7cf6f829c033adfcf5e1b21c9a004
  custom:video-encoder-webm-vp8: eb34c28f22e8b96e1ab97ce403110664 -> 
  custom:audio-decoder-ogg-vorbis: bf7c407c2cedff20999df2af8eb42d56 -> 
  custom:scripting/monoscript/fileName/VertexJitter.cs: 89f250efef00bd3ea15be209aafa1b8f -> d27eb5498e48714a66aece98da065133
  custom:scripting/monoscript/fileName/TextConsoleSimulator.cs: 39cc89dce868fcae675af8aec7d82364 -> 33fc311abb20b5b0ed8f00e4d86b574e
  custom:scripting/monoscript/fileName/VertexColorCycler.cs: 92683e0ba0dd09ca33da048a0aada873 -> 5f984ca91cf3609293aecc6bc5641572
  custom:scripting/monoscript/fileName/TMP_FrameRateCounter.cs: f300970d9d234b3584940e69909fc9c1 -> 46f655df8cb483ac5958307137b1585a
  custom:scripting/monoscript/fileName/VertexShakeB.cs: 1691591f25e64318876fecc6fdaa150d -> a6f78c4fcda1a29a1a1c1baefedba9e7
  custom:scripting/monoscript/fileName/TMP_UiFrameRateCounter.cs: a6f26ef4131b1b3b3fbd9eee5b9feba1 -> b01021aea19247f14a98ab338907956a
  custom:scripting/monoscript/fileName/BinsSpawner.cs: 053a8424b0a094cb14375f26330a2bc5 -> 34153a2f6780576b0069979c4d766093
  custom:scripting/monoscript/fileName/TMPro_InstructionOverlay.cs: 0563b7bd3dbbe315ce02e8961838345c -> b626d2270e6ebd5c4311585c18b58d8d
  custom:scripting/monoscript/fileName/GitHubLink.cs: 61931f2ce3b570552131e99427875ecb -> cac242193db3100d787d81a371842f24
  custom:scripting/monoscript/fileName/TMP_DigitValidator.cs: b84f20208724f747de93dd8d227d8e6f -> ac02af96215ae3951a3cce9e1a8c6085
  custom:audio-encoder-webm-vorbis: bf7c407c2cedff20999df2af8eb42d56 -> 
  custom:scripting/monoscript/fileName/Benchmark01_UGUI.cs: aa13aec835ece2bb423ce574403aa315 -> 6148cfe2627b7708298f301788144139
  custom:scripting/monoscript/fileName/SceneChanger.cs: 8565a86d9a2427c4c9b44bc4b8c766fc -> 4bb94d70706032f4bd969ba3ab0024bf
  custom:scripting/monoscript/fileName/Benchmark03.cs: 57ebde09ea1ea3d108488baff2fe009d -> 17cc87e0529ac71d909a946afb47a274
========================================================================
Received Prepare
Begin MonoManager ReloadAssembly
- Loaded All Assemblies, in  0.430 seconds
Refreshing native plugins compatible for Editor in 3.58 ms, found 3 plugins.
Native extension for WindowsStandalone target not found
Native extension for WebGL target not found
[Package Manager] Server::EnsureServerProcessIsRunning -- launch failed, reason: Unity was launched with the -noUpm command-line argument
[Package Manager] UpmClient::Send -- Unable to send message (not connected to UPM process).
[Package Manager] Cannot connect to Unity Package Manager local server
Mono: successfully reloaded assembly
- Finished resetting the current domain, in  1.009 seconds
Domain Reload Profiling: 1436ms
	BeginReloadAssembly (146ms)
		ExecutionOrderSort (0ms)
		DisableScriptedObjects (5ms)
		BackupInstance (0ms)
		ReleaseScriptingObjects (0ms)
		CreateAndSetChildDomain (30ms)
	RebuildCommonClasses (38ms)
	RebuildNativeTypeToScriptingClass (11ms)
	initialDomainReloadingComplete (28ms)
	LoadAllAssembliesAndSetupDomain (203ms)
		LoadAssemblies (269ms)
		RebuildTransferFunctionScriptingTraits (0ms)
		AnalyzeDomain (14ms)
			TypeCache.Refresh (8ms)
				TypeCache.ScanAssembly (0ms)
			ScanForSourceGeneratedMonoScriptInfo (0ms)
			ResolveRequiredComponents (5ms)
	FinalizeReload (1010ms)
		ReleaseScriptCaches (0ms)
		RebuildScriptCaches (0ms)
		SetupLoadedEditorAssemblies (468ms)
			LogAssemblyErrors (0ms)
			InitializePlatformSupportModulesInManaged (8ms)
			SetLoadedEditorAssemblies (3ms)
			RefreshPlugins (0ms)
			BeforeProcessingInitializeOnLoad (68ms)
			ProcessInitializeOnLoadAttributes (300ms)
			ProcessInitializeOnLoadMethodAttributes (63ms)
			AfterProcessingInitializeOnLoad (24ms)
			EditorAssembliesLoaded (0ms)
		ExecutionOrderSort2 (0ms)
		AwakeInstancesAfterBackupRestoration (8ms)
Refreshing native plugins compatible for Editor in 5.10 ms, found 3 plugins.
Preloading 0 native plugins for Editor in 0.00 ms.
Unloading 3121 Unused Serialized files (Serialized files now loaded: 0)
Unloading 23 unused Assets / (31.0 KB). Loaded Objects now: 3639.
Memory consumption went from 143.5 MB to 143.5 MB.
Total: 5.276100 ms (FindLiveObjects: 0.618900 ms CreateObjectMapping: 0.114100 ms MarkObjects: 4.436600 ms  DeleteObjects: 0.105500 ms)

Prepare: number of updated asset objects reloaded= 0
AssetImportParameters requested are different than current active one (requested -> active):
  custom:scripting/monoscript/fileName/Spawner.cs: 9efe634af024a91c48e4938ac319cf23 -> 7de732fab2c49f3068a483eb669d8d17
  custom:scripting/monoscript/fileName/SkewTextExample.cs: 1ba96c108614df1c49454566f5c78eb6 -> c142d02d70a129e0533975f7c2f96956
  custom:container-demuxer-ogg: 62fdf1f143b41e24485cea50d1cbac27 -> 
  custom:scripting/monoscript/fileName/TMP_TextEventHandler.cs: def834da59c71bc3b36ca33327e70fc4 -> f5cd9d5a43bfefc8f4fec80e6de896a4
  custom:scripting/monoscript/fileName/TextMeshProFloatingText.cs: ff33846e3d68ae2735781072bc9d2eee -> 92608fa4a6315cd0786d82205e77b697
  custom:scripting/monoscript/fileName/VertexZoom.cs: 1099333afd4b77498f02541a0dea1c61 -> 650ab1e81d40126e3edcf737cce646e4
  custom:video-codec-MediaFoundation-h265: 746d11721c4dcdbdad8f713fa42b33f4 -> 
  custom:scripting/monoscript/fileName/VertexShakeA.cs: 7c138c6227077681d6a4323f370eb5cf -> 63ec564c588058369499638dd899e05b
  custom:scripting/monoscript/fileName/TMP_ExampleScript_01.cs: 517fd4914e1880c6029295ce32a88284 -> a9d4be556104ff54e7d240529b3e01dc
  custom:video-decoder-ogg-theora: a1e56fd34408186e4bbccfd4996cb3dc -> 
  custom:scripting/monoscript/fileName/TMP_TextEventCheck.cs: bd3d198b205a7b1c53c574ee6e59cf82 -> 13505d917eab5868c435e0c2986dadfa
  custom:scripting/monoscript/fileName/TMP_TextSelector_B.cs: 87dd80f3dda96cf1bfd512d2f49ea06d -> ba2be21a7486d37b1011342977a2e49d
  custom:scripting/monoscript/fileName/Benchmark01.cs: b30c9d7f790cac94ff712b9fe8615a54 -> 2d3e2cd961730ab95f139a49a673bace
  custom:framework-win-MediaFoundation: 216162199b28c13a410421893ffa2e32 -> 
  custom:scripting/monoscript/fileName/PlayerControls.cs: b139acd0c04292027f76c24bcc41d683 -> de8d6134cb76f2c170fa7aec9cd8fd51
  custom:scripting/monoscript/fileName/Benchmark02.cs: 48ffa613089e8b13e31d4e224b1f7e89 -> 5640963252ce70910e726415f869ced6
  custom:scripting/monoscript/fileName/DropdownSample.cs: 3aadf426171926844b40b1453052f9a8 -> 0a92251794e5f10400149f96c3c59e5d
  custom:scripting/monoscript/fileName/WarpTextExample.cs: 63c459a070b77133384b6367d31d9e44 -> 2663459c266363641981c7d17b698d7f
  custom:scripting/monoscript/fileName/BinControls.cs: fe8587eb43b4838981ae6843e9b5807f -> 15deb1506911c93403224fe4c5be105e
  custom:CustomObjectIndexerAttribute: 756ad292c208cfabdd7b50bc23989ffe -> 
  custom:scripting/monoscript/fileName/RepeatBackground.cs: 2c54969ae834f4df576d97c837fd939e -> b37cf8ea828f21bc444a00e810788bd8
  custom:container-demuxer-webm: 4f35f7cbe854078d1ac9338744f61a02 -> 
  custom:scripting/monoscript/fileName/ChatController.cs: d8fdd56accaa631346ba19bb22012614 -> 876d5ccae6e345dd5d9450eb0a748f16
  custom:scripting/monoscript/fileName/TextMeshSpawner.cs: cb8d71233dbb520d8e940b8a79f769a5 -> 76f28e2ddb031571e6ec62b018f65fa8
  custom:scripting/monoscript/fileName/TeleType.cs: fefb82a5baa4fbc04da38b0caa2ad830 -> 31fa97821c4c70f157ec81d507aa6b62
  custom:scripting/monoscript/fileName/Benchmark04.cs: 9774c172b7d7724692b1bde0c8fd3d85 -> 32220b148620e52aa81c13a114862bf4
  custom:scripting/monoscript/fileName/GameManagerX.cs: 713d5eb2b1b7f794988919b2fd108502 -> c0a78d2269ede7f3848ccbefe195f242
  custom:container-muxer-webm: aa71ff27fc2769a1b78a27578f13a17b -> 
  custom:video-decoder-webm-vp8: 9c59270c3fd7afecdb556c50c9e8de78 -> 
  custom:scripting/monoscript/fileName/TMP_PhoneNumberValidator.cs: f5402a12cb097197539484d67fa9fcbf -> 7c3049f481e464c6a9a15dee56c3126f
  custom:SearchIndexIgnoredProperties: e643bd26f0fe6173181afceb89e7c659 -> 
  custom:AudioImporter_EditorPlatform: d09bf68614088b80899f8185d706f6e7 -> 
  custom:scripting/monoscript/fileName/EnvMapAnimator.cs: 768e80a1b959562216f2cec3506e25f4 -> 1b4f61c17e4b7283c3ac351aacff9d26
  custom:scripting/monoscript/fileName/ShaderPropAnimator.cs: 54afc76fdd211f4e62bc7077b80cbfd4 -> 55ce425812446482e623ff2695c94cb2
  custom:scripting/monoscript/fileName/MovingLeft.cs: 9b7a6f7417063dae2d6b4c16e14f10f9 -> fe58f70c0887ebe8cdd0d27fb4d3b1f8
  custom:scripting/monoscript/fileName/SimpleScript.cs: 00c762c57b86d4c745d78d3929e9fb08 -> 454caab0c6c050f29b39d82e1d66d0fa
  custom:scripting/monoscript/fileName/ObjectSpin.cs: ae674661bbed7adf653c10b36a279a18 -> 2b96bb2079dd7fa5108d981627a28e1e
  custom:scripting/monoscript/fileName/MovingObstacles.cs: 854be57a593bde74a27cc6a4e94cf976 -> b21687ddb03d73bd9f0c1daecb9714de
  custom:scripting/monoscript/fileName/CameraController.cs: 9715c92278843efe6d08bb66ef3c83c6 -> 34b6be4e23ce86dc89786916c5983296
  custom:scripting/monoscript/fileName/TMP_TextInfoDebugTool.cs: 36c44c31e5e7e4f92aeab5f8dc72b57b -> 3f1709cfb2cc628169113a35b5e9be3f
  custom:scripting/monoscript/fileName/QuirkySeriesDemo.cs: 45f9bc3e15a8e0b0a90a8c7b57e8bf80 -> f8068bd0b8200068f027dfb1007a3918
  custom:scripting/monoscript/fileName/TMP_TextSelector_A.cs: 53226814a2dfc1d2c3646e066b2bf95c -> 347309a09d56e367b188a6978f75b424
  custom:scripting/monoscript/fileName/RotateOnScroll.cs: 11197e5c086c04a37a2f6fed558cf793 -> 3ef7cf6f829c033adfcf5e1b21c9a004
  custom:video-encoder-webm-vp8: eb34c28f22e8b96e1ab97ce403110664 -> 
  custom:audio-decoder-ogg-vorbis: bf7c407c2cedff20999df2af8eb42d56 -> 
  custom:scripting/monoscript/fileName/VertexJitter.cs: 89f250efef00bd3ea15be209aafa1b8f -> d27eb5498e48714a66aece98da065133
  custom:scripting/monoscript/fileName/TextConsoleSimulator.cs: 39cc89dce868fcae675af8aec7d82364 -> 33fc311abb20b5b0ed8f00e4d86b574e
  custom:scripting/monoscript/fileName/VertexColorCycler.cs: 92683e0ba0dd09ca33da048a0aada873 -> 5f984ca91cf3609293aecc6bc5641572
  custom:scripting/monoscript/fileName/TMP_FrameRateCounter.cs: f300970d9d234b3584940e69909fc9c1 -> 46f655df8cb483ac5958307137b1585a
  custom:scripting/monoscript/fileName/VertexShakeB.cs: 1691591f25e64318876fecc6fdaa150d -> a6f78c4fcda1a29a1a1c1baefedba9e7
  custom:scripting/monoscript/fileName/TMP_UiFrameRateCounter.cs: a6f26ef4131b1b3b3fbd9eee5b9feba1 -> b01021aea19247f14a98ab338907956a
  custom:scripting/monoscript/fileName/BinsSpawner.cs: 053a8424b0a094cb14375f26330a2bc5 -> 34153a2f6780576b0069979c4d766093
  custom:scripting/monoscript/fileName/TMPro_InstructionOverlay.cs: 0563b7bd3dbbe315ce02e8961838345c -> b626d2270e6ebd5c4311585c18b58d8d
  custom:scripting/monoscript/fileName/GitHubLink.cs: 61931f2ce3b570552131e99427875ecb -> cac242193db3100d787d81a371842f24
  custom:scripting/monoscript/fileName/TMP_DigitValidator.cs: b84f20208724f747de93dd8d227d8e6f -> ac02af96215ae3951a3cce9e1a8c6085
  custom:audio-encoder-webm-vorbis: bf7c407c2cedff20999df2af8eb42d56 -> 
  custom:scripting/monoscript/fileName/Benchmark01_UGUI.cs: aa13aec835ece2bb423ce574403aa315 -> 6148cfe2627b7708298f301788144139
  custom:scripting/monoscript/fileName/SceneChanger.cs: 8565a86d9a2427c4c9b44bc4b8c766fc -> 4bb94d70706032f4bd969ba3ab0024bf
  custom:scripting/monoscript/fileName/Benchmark03.cs: 57ebde09ea1ea3d108488baff2fe009d -> 17cc87e0529ac71d909a946afb47a274
========================================================================
Received Import Request.
  Time since last request: 787437.248500 seconds.
  path: Assets/Library/TextMesh Pro/Examples & Extras/Resources/Fonts & Materials/Anton SDF - Outline.mat
  artifactKey: Guid(a00013af81304728b2be1f4309ee2433) Importer(815301076,1909f56bfc062723c751e8b465ee728b)
Start importing Assets/Library/TextMesh Pro/Examples & Extras/Resources/Fonts & Materials/Anton SDF - Outline.mat using Guid(a00013af81304728b2be1f4309ee2433) Importer(815301076,1909f56bfc062723c751e8b465ee728b)  -> (artifact id: 'fe6bbac744d4b0e3719f738baccbf3bf') in 0.290382 seconds
Number of updated asset objects reloaded before import = 0
Number of asset objects unloaded after import = 2
========================================================================
Received Import Request.
  Time since last request: 0.000017 seconds.
  path: Assets/Library/TextMesh Pro/Examples & Extras/Resources/Fonts & Materials/Anton SDF.asset
  artifactKey: Guid(8a89fa14b10d46a99122fd4f73fca9a2) Importer(815301076,1909f56bfc062723c751e8b465ee728b)
Start importing Assets/Library/TextMesh Pro/Examples & Extras/Resources/Fonts & Materials/Anton SDF.asset using Guid(8a89fa14b10d46a99122fd4f73fca9a2) Importer(815301076,1909f56bfc062723c751e8b465ee728b)  -> (artifact id: 'a30c8fbfeaab4665e33a6cdd957e5977') in 0.137196 seconds
Number of updated asset objects reloaded before import = 0
Number of asset objects unloaded after import = 6
========================================================================
Received Import Request.
  Time since last request: 0.000028 seconds.
  path: Assets/Library/TextMesh Pro/Examples & Extras/Resources/Fonts & Materials/Anton SDF - Sunny Days.mat
  artifactKey: Guid(6522f30e342599e4e9dd4cc2cc03c830) Importer(815301076,1909f56bfc062723c751e8b465ee728b)
Start importing Assets/Library/TextMesh Pro/Examples & Extras/Resources/Fonts & Materials/Anton SDF - Sunny Days.mat using Guid(6522f30e342599e4e9dd4cc2cc03c830) Importer(815301076,1909f56bfc062723c751e8b465ee728b)  -> (artifact id: '48193e16c4b097efafd78ef3c95e4b8f') in 0.037145 seconds
Number of updated asset objects reloaded before import = 0
Number of asset objects unloaded after import = 4
========================================================================
Received Import Request.
  Time since last request: 0.000015 seconds.
  path: Assets/Library/TextMesh Pro/Examples & Extras/Resources/Fonts & Materials/Bangers SDF.asset
  artifactKey: Guid(125cb55b44b24c4393181402bc6200e6) Importer(815301076,1909f56bfc062723c751e8b465ee728b)
Start importing Assets/Library/TextMesh Pro/Examples & Extras/Resources/Fonts & Materials/Bangers SDF.asset using Guid(125cb55b44b24c4393181402bc6200e6) Importer(815301076,1909f56bfc062723c751e8b465ee728b)  -> (artifact id: 'ff50bc32b1c13b4ad5e2a5530572b382') in 0.032294 seconds
Number of updated asset objects reloaded before import = 0
Number of asset objects unloaded after import = 6
========================================================================
Received Import Request.
  Time since last request: 0.000016 seconds.
  path: Assets/Library/TextMesh Pro/Examples & Extras/Resources/Color Gradient Presets/Blue to Purple - Vertical.asset
  artifactKey: Guid(479a66fa4b094512a62b0a8e553ad95a) Importer(815301076,1909f56bfc062723c751e8b465ee728b)
Start importing Assets/Library/TextMesh Pro/Examples & Extras/Resources/Color Gradient Presets/Blue to Purple - Vertical.asset using Guid(479a66fa4b094512a62b0a8e553ad95a) Importer(815301076,1909f56bfc062723c751e8b465ee728b)  -> (artifact id: '112341085a432de0e3d9e6476f02e610') in 0.001530 seconds
Number of updated asset objects reloaded before import = 0
Number of asset objects unloaded after import = 1
========================================================================
Received Prepare
Begin MonoManager ReloadAssembly
- Loaded All Assemblies, in  0.483 seconds
Refreshing native plugins compatible for Editor in 3.81 ms, found 3 plugins.
Native extension for WindowsStandalone target not found
Native extension for WebGL target not found
[Package Manager] Server::EnsureServerProcessIsRunning -- launch failed, reason: Unity was launched with the -noUpm command-line argument
[Package Manager] UpmClient::Send -- Unable to send message (not connected to UPM process).
[Package Manager] Cannot connect to Unity Package Manager local server
Mono: successfully reloaded assembly
- Finished resetting the current domain, in  0.996 seconds
Domain Reload Profiling: 1476ms
	BeginReloadAssembly (170ms)
		ExecutionOrderSort (0ms)
		DisableScriptedObjects (4ms)
		BackupInstance (0ms)
		ReleaseScriptingObjects (0ms)
		CreateAndSetChildDomain (41ms)
	RebuildCommonClasses (36ms)
	RebuildNativeTypeToScriptingClass (11ms)
	initialDomainReloadingComplete (29ms)
	LoadAllAssembliesAndSetupDomain (234ms)
		LoadAssemblies (311ms)
		RebuildTransferFunctionScriptingTraits (0ms)
		AnalyzeDomain (15ms)
			TypeCache.Refresh (8ms)
				TypeCache.ScanAssembly (0ms)
			ScanForSourceGeneratedMonoScriptInfo (0ms)
			ResolveRequiredComponents (5ms)
	FinalizeReload (997ms)
		ReleaseScriptCaches (0ms)
		RebuildScriptCaches (0ms)
		SetupLoadedEditorAssemblies (413ms)
			LogAssemblyErrors (0ms)
			InitializePlatformSupportModulesInManaged (10ms)
			SetLoadedEditorAssemblies (3ms)
			RefreshPlugins (0ms)
			BeforeProcessingInitializeOnLoad (67ms)
			ProcessInitializeOnLoadAttributes (298ms)
			ProcessInitializeOnLoadMethodAttributes (26ms)
			AfterProcessingInitializeOnLoad (10ms)
			EditorAssembliesLoaded (0ms)
		ExecutionOrderSort2 (0ms)
		AwakeInstancesAfterBackupRestoration (8ms)
Refreshing native plugins compatible for Editor in 5.40 ms, found 3 plugins.
Preloading 0 native plugins for Editor in 0.00 ms.
Unloading 3120 Unused Serialized files (Serialized files now loaded: 0)
Unloading 23 unused Assets / (31.0 KB). Loaded Objects now: 3685.
Memory consumption went from 149.9 MB to 149.9 MB.
Total: 5.829200 ms (FindLiveObjects: 0.686700 ms CreateObjectMapping: 0.155500 ms MarkObjects: 4.902500 ms  DeleteObjects: 0.082500 ms)

Prepare: number of updated asset objects reloaded= 0
AssetImportParameters requested are different than current active one (requested -> active):
  custom:scripting/monoscript/fileName/Spawner.cs: 9efe634af024a91c48e4938ac319cf23 -> 7de732fab2c49f3068a483eb669d8d17
  custom:scripting/monoscript/fileName/SkewTextExample.cs: 1ba96c108614df1c49454566f5c78eb6 -> c142d02d70a129e0533975f7c2f96956
  custom:container-demuxer-ogg: 62fdf1f143b41e24485cea50d1cbac27 -> 
  custom:scripting/monoscript/fileName/TMP_TextEventHandler.cs: def834da59c71bc3b36ca33327e70fc4 -> f5cd9d5a43bfefc8f4fec80e6de896a4
  custom:scripting/monoscript/fileName/TextMeshProFloatingText.cs: ff33846e3d68ae2735781072bc9d2eee -> 92608fa4a6315cd0786d82205e77b697
  custom:scripting/monoscript/fileName/VertexZoom.cs: 1099333afd4b77498f02541a0dea1c61 -> 650ab1e81d40126e3edcf737cce646e4
  custom:video-codec-MediaFoundation-h265: 746d11721c4dcdbdad8f713fa42b33f4 -> 
  custom:scripting/monoscript/fileName/VertexShakeA.cs: 7c138c6227077681d6a4323f370eb5cf -> 63ec564c588058369499638dd899e05b
  custom:scripting/monoscript/fileName/TMP_ExampleScript_01.cs: 517fd4914e1880c6029295ce32a88284 -> a9d4be556104ff54e7d240529b3e01dc
  custom:video-decoder-ogg-theora: a1e56fd34408186e4bbccfd4996cb3dc -> 
  custom:scripting/monoscript/fileName/TMP_TextEventCheck.cs: bd3d198b205a7b1c53c574ee6e59cf82 -> 13505d917eab5868c435e0c2986dadfa
  custom:scripting/monoscript/fileName/TMP_TextSelector_B.cs: 87dd80f3dda96cf1bfd512d2f49ea06d -> ba2be21a7486d37b1011342977a2e49d
  custom:scripting/monoscript/fileName/Benchmark01.cs: b30c9d7f790cac94ff712b9fe8615a54 -> 2d3e2cd961730ab95f139a49a673bace
  custom:framework-win-MediaFoundation: 216162199b28c13a410421893ffa2e32 -> 
  custom:scripting/monoscript/fileName/PlayerControls.cs: b139acd0c04292027f76c24bcc41d683 -> de8d6134cb76f2c170fa7aec9cd8fd51
  custom:scripting/monoscript/fileName/Benchmark02.cs: 48ffa613089e8b13e31d4e224b1f7e89 -> 5640963252ce70910e726415f869ced6
  custom:scripting/monoscript/fileName/DropdownSample.cs: 3aadf426171926844b40b1453052f9a8 -> 0a92251794e5f10400149f96c3c59e5d
  custom:scripting/monoscript/fileName/WarpTextExample.cs: 63c459a070b77133384b6367d31d9e44 -> 2663459c266363641981c7d17b698d7f
  custom:scripting/monoscript/fileName/BinControls.cs: fe8587eb43b4838981ae6843e9b5807f -> 15deb1506911c93403224fe4c5be105e
  custom:CustomObjectIndexerAttribute: 756ad292c208cfabdd7b50bc23989ffe -> 
  custom:scripting/monoscript/fileName/RepeatBackground.cs: 2c54969ae834f4df576d97c837fd939e -> b37cf8ea828f21bc444a00e810788bd8
  custom:container-demuxer-webm: 4f35f7cbe854078d1ac9338744f61a02 -> 
  custom:scripting/monoscript/fileName/ChatController.cs: d8fdd56accaa631346ba19bb22012614 -> 876d5ccae6e345dd5d9450eb0a748f16
  custom:scripting/monoscript/fileName/TextMeshSpawner.cs: cb8d71233dbb520d8e940b8a79f769a5 -> 76f28e2ddb031571e6ec62b018f65fa8
  custom:scripting/monoscript/fileName/TeleType.cs: fefb82a5baa4fbc04da38b0caa2ad830 -> 31fa97821c4c70f157ec81d507aa6b62
  custom:scripting/monoscript/fileName/Benchmark04.cs: 9774c172b7d7724692b1bde0c8fd3d85 -> 32220b148620e52aa81c13a114862bf4
  custom:scripting/monoscript/fileName/GameManagerX.cs: 713d5eb2b1b7f794988919b2fd108502 -> c0a78d2269ede7f3848ccbefe195f242
  custom:container-muxer-webm: aa71ff27fc2769a1b78a27578f13a17b -> 
  custom:video-decoder-webm-vp8: 9c59270c3fd7afecdb556c50c9e8de78 -> 
  custom:scripting/monoscript/fileName/TMP_PhoneNumberValidator.cs: f5402a12cb097197539484d67fa9fcbf -> 7c3049f481e464c6a9a15dee56c3126f
  custom:SearchIndexIgnoredProperties: e643bd26f0fe6173181afceb89e7c659 -> 
  custom:AudioImporter_EditorPlatform: d09bf68614088b80899f8185d706f6e7 -> 
  custom:scripting/monoscript/fileName/EnvMapAnimator.cs: 768e80a1b959562216f2cec3506e25f4 -> 1b4f61c17e4b7283c3ac351aacff9d26
  custom:scripting/monoscript/fileName/ShaderPropAnimator.cs: 54afc76fdd211f4e62bc7077b80cbfd4 -> 55ce425812446482e623ff2695c94cb2
  custom:scripting/monoscript/fileName/MovingLeft.cs: 9b7a6f7417063dae2d6b4c16e14f10f9 -> fe58f70c0887ebe8cdd0d27fb4d3b1f8
  custom:scripting/monoscript/fileName/SimpleScript.cs: 00c762c57b86d4c745d78d3929e9fb08 -> 454caab0c6c050f29b39d82e1d66d0fa
  custom:scripting/monoscript/fileName/ObjectSpin.cs: ae674661bbed7adf653c10b36a279a18 -> 2b96bb2079dd7fa5108d981627a28e1e
  custom:scripting/monoscript/fileName/MovingObstacles.cs: 854be57a593bde74a27cc6a4e94cf976 -> b21687ddb03d73bd9f0c1daecb9714de
  custom:scripting/monoscript/fileName/CameraController.cs: 9715c92278843efe6d08bb66ef3c83c6 -> 34b6be4e23ce86dc89786916c5983296
  custom:scripting/monoscript/fileName/TMP_TextInfoDebugTool.cs: 36c44c31e5e7e4f92aeab5f8dc72b57b -> 3f1709cfb2cc628169113a35b5e9be3f
  custom:scripting/monoscript/fileName/QuirkySeriesDemo.cs: 45f9bc3e15a8e0b0a90a8c7b57e8bf80 -> f8068bd0b8200068f027dfb1007a3918
  custom:scripting/monoscript/fileName/TMP_TextSelector_A.cs: 53226814a2dfc1d2c3646e066b2bf95c -> 347309a09d56e367b188a6978f75b424
  custom:scripting/monoscript/fileName/RotateOnScroll.cs: 11197e5c086c04a37a2f6fed558cf793 -> 3ef7cf6f829c033adfcf5e1b21c9a004
  custom:video-encoder-webm-vp8: eb34c28f22e8b96e1ab97ce403110664 -> 
  custom:audio-decoder-ogg-vorbis: bf7c407c2cedff20999df2af8eb42d56 -> 
  custom:scripting/monoscript/fileName/VertexJitter.cs: 89f250efef00bd3ea15be209aafa1b8f -> d27eb5498e48714a66aece98da065133
  custom:scripting/monoscript/fileName/TextConsoleSimulator.cs: 39cc89dce868fcae675af8aec7d82364 -> 33fc311abb20b5b0ed8f00e4d86b574e
  custom:scripting/monoscript/fileName/VertexColorCycler.cs: 92683e0ba0dd09ca33da048a0aada873 -> 5f984ca91cf3609293aecc6bc5641572
  custom:scripting/monoscript/fileName/TMP_FrameRateCounter.cs: f300970d9d234b3584940e69909fc9c1 -> 46f655df8cb483ac5958307137b1585a
  custom:scripting/monoscript/fileName/VertexShakeB.cs: 1691591f25e64318876fecc6fdaa150d -> a6f78c4fcda1a29a1a1c1baefedba9e7
  custom:scripting/monoscript/fileName/TMP_UiFrameRateCounter.cs: a6f26ef4131b1b3b3fbd9eee5b9feba1 -> b01021aea19247f14a98ab338907956a
  custom:scripting/monoscript/fileName/BinsSpawner.cs: 053a8424b0a094cb14375f26330a2bc5 -> 34153a2f6780576b0069979c4d766093
  custom:scripting/monoscript/fileName/TMPro_InstructionOverlay.cs: 0563b7bd3dbbe315ce02e8961838345c -> b626d2270e6ebd5c4311585c18b58d8d
  custom:scripting/monoscript/fileName/GitHubLink.cs: 61931f2ce3b570552131e99427875ecb -> cac242193db3100d787d81a371842f24
  custom:scripting/monoscript/fileName/TMP_DigitValidator.cs: b84f20208724f747de93dd8d227d8e6f -> ac02af96215ae3951a3cce9e1a8c6085
  custom:audio-encoder-webm-vorbis: bf7c407c2cedff20999df2af8eb42d56 -> 
  custom:scripting/monoscript/fileName/Benchmark01_UGUI.cs: aa13aec835ece2bb423ce574403aa315 -> 6148cfe2627b7708298f301788144139
  custom:scripting/monoscript/fileName/SceneChanger.cs: 8565a86d9a2427c4c9b44bc4b8c766fc -> 4bb94d70706032f4bd969ba3ab0024bf
  custom:scripting/monoscript/fileName/Benchmark03.cs: 57ebde09ea1ea3d108488baff2fe009d -> 17cc87e0529ac71d909a946afb47a274
Editor requested this worker to shutdown with reason: Scaling down because of idle timeout
TcpMessagingSession - receive error: operation aborted. errorcode: 995, details: The I/O operation has been aborted because of either a thread exit or an application request.
AssetImportWorker is now disconnected from the server
Process exiting
Exiting without the bug reporter. Application will terminate with return code 0